Determining if files malloc.h exist failed with the following output:
Change Dir: /Users/shinpei/D/konoha-wand/konoha-ffi/build/CMakeFiles/CMakeTmp

Run Build Command:/usr/bin/make "cmTryCompileExec/fast"
/usr/bin/make -f CMakeFiles/cmTryCompileExec.dir/build.make CMakeFiles/cmTryCompileExec.dir/build
/opt/local/bin/cmake -E cmake_progress_report /Users/shinpei/D/konoha-wand/konoha-ffi/build/CMakeFiles/CMakeTmp/CMakeFiles 1
Building C object CMakeFiles/cmTryCompileExec.dir/CheckIncludeFiles.c.o
/usr/bin/gcc    -o CMakeFiles/cmTryCompileExec.dir/CheckIncludeFiles.c.o   -c /Users/shinpei/D/konoha-wand/konoha-ffi/build/CMakeFiles/CMakeTmp/CheckIncludeFiles.c
/Users/shinpei/D/konoha-wand/konoha-ffi/build/CMakeFiles/CMakeTmp/CheckIncludeFiles.c:2:20: error: malloc.h: No such file or directory
make[1]: *** [CMakeFiles/cmTryCompileExec.dir/CheckIncludeFiles.c.o] Error 1
make: *** [cmTryCompileExec/fast] Error 2

Source:
/* */
#include <malloc.h>


int main(){return 0;}

Determining if the sysctlbyname exist failed with the following output:
Change Dir: /Users/shinpei/D/konoha-wand/konoha-ffi/build/CMakeFiles/CMakeTmp

Run Build Command:/usr/bin/make "cmTryCompileExec/fast"
/usr/bin/make -f CMakeFiles/cmTryCompileExec.dir/build.make CMakeFiles/cmTryCompileExec.dir/build
/opt/local/bin/cmake -E cmake_progress_report /Users/shinpei/D/konoha-wand/konoha-ffi/build/CMakeFiles/CMakeTmp/CMakeFiles 1
Building C object CMakeFiles/cmTryCompileExec.dir/CheckSymbolExists.c.o
/usr/bin/gcc    -o CMakeFiles/cmTryCompileExec.dir/CheckSymbolExists.c.o   -c /Users/shinpei/D/konoha-wand/konoha-ffi/build/CMakeFiles/CMakeTmp/CheckSymbolExists.c
/Users/shinpei/D/konoha-wand/konoha-ffi/build/CMakeFiles/CMakeTmp/CheckSymbolExists.c: In function ‘main’:
/Users/shinpei/D/konoha-wand/konoha-ffi/build/CMakeFiles/CMakeTmp/CheckSymbolExists.c:14: error: ‘sysctlbyname’ undeclared (first use in this function)
/Users/shinpei/D/konoha-wand/konoha-ffi/build/CMakeFiles/CMakeTmp/CheckSymbolExists.c:14: error: (Each undeclared identifier is reported only once
/Users/shinpei/D/konoha-wand/konoha-ffi/build/CMakeFiles/CMakeTmp/CheckSymbolExists.c:14: error: for each function it appears in.)
make[1]: *** [CMakeFiles/cmTryCompileExec.dir/CheckSymbolExists.c.o] Error 1
make: *** [cmTryCompileExec/fast] Error 2

File /Users/shinpei/D/konoha-wand/konoha-ffi/build/CMakeFiles/CMakeTmp/CheckSymbolExists.c:
/* */
#include <stdio.h>
#include <stdlib.h>
#include <string.h>
#include <ctype.h>
#include <sys/mman.h>
#include <unistd.h>
#include <mach-o/dyld.h>

void cmakeRequireSymbol(int dummy,...){(void)dummy;}
int main()
{
#ifndef sysctlbyname
  cmakeRequireSymbol(0,&sysctlbyname);
#endif
  return 0;
}

Performing C SOURCE FILE Test HAVE_ICONV_LIBICONV_OPEN failed with the following output:
Change Dir: /Users/shinpei/D/konoha-wand/konoha-ffi/build/CMakeFiles/CMakeTmp

Run Build Command:/usr/bin/make "cmTryCompileExec/fast"
/usr/bin/make -f CMakeFiles/cmTryCompileExec.dir/build.make CMakeFiles/cmTryCompileExec.dir/build
/opt/local/bin/cmake -E cmake_progress_report /Users/shinpei/D/konoha-wand/konoha-ffi/build/CMakeFiles/CMakeTmp/CMakeFiles 1
Building C object CMakeFiles/cmTryCompileExec.dir/src.c.o
/usr/bin/gcc   -DHAVE_ICONV_LIBICONV_OPEN   -o CMakeFiles/cmTryCompileExec.dir/src.c.o   -c /Users/shinpei/D/konoha-wand/konoha-ffi/build/CMakeFiles/CMakeTmp/src.c
/Users/shinpei/D/konoha-wand/konoha-ffi/build/CMakeFiles/CMakeTmp/src.c: In function ‘main’:
/Users/shinpei/D/konoha-wand/konoha-ffi/build/CMakeFiles/CMakeTmp/src.c:9: error: ‘libiconv_open’ undeclared (first use in this function)
/Users/shinpei/D/konoha-wand/konoha-ffi/build/CMakeFiles/CMakeTmp/src.c:9: error: (Each undeclared identifier is reported only once
/Users/shinpei/D/konoha-wand/konoha-ffi/build/CMakeFiles/CMakeTmp/src.c:9: error: for each function it appears in.)
make[1]: *** [CMakeFiles/cmTryCompileExec.dir/src.c.o] Error 1
make: *** [cmTryCompileExec/fast] Error 2

Source file was:

#include <iconv.h>

void cmakeRequireSymbol(int dummy,...){(void)dummy;}
int main()
{
#ifndef libiconv_open
#ifndef _MSC_VER
  cmakeRequireSymbol(0,&libiconv_open);
#else
  char i = sizeof(&libiconv_open);
#endif
#endif
	return 0;
}

Performing C SOURCE FILE Test HAVE_ICONV_ICONV_OPEN failed with the following output:
Change Dir: /Users/shinpei/D/konoha-wand/konoha-ffi/build/CMakeFiles/CMakeTmp

Run Build Command:/usr/bin/make "cmTryCompileExec/fast"
/usr/bin/make -f CMakeFiles/cmTryCompileExec.dir/build.make CMakeFiles/cmTryCompileExec.dir/build
/opt/local/bin/cmake -E cmake_progress_report /Users/shinpei/D/konoha-wand/konoha-ffi/build/CMakeFiles/CMakeTmp/CMakeFiles 1
Building C object CMakeFiles/cmTryCompileExec.dir/src.c.o
/usr/bin/gcc   -DHAVE_ICONV_ICONV_OPEN   -o CMakeFiles/cmTryCompileExec.dir/src.c.o   -c /Users/shinpei/D/konoha-wand/konoha-ffi/build/CMakeFiles/CMakeTmp/src.c
Linking C executable cmTryCompileExec
/opt/local/bin/cmake -E cmake_link_script CMakeFiles/cmTryCompileExec.dir/link.txt --verbose=1
/usr/bin/gcc     -DHAVE_ICONV_ICONV_OPEN -Wl,-search_paths_first -Wl,-headerpad_max_install_names  CMakeFiles/cmTryCompileExec.dir/src.c.o  -o cmTryCompileExec  
Undefined symbols:
  "_iconv_open", referenced from:
      _main in src.c.o
ld: symbol(s) not found
collect2: ld returned 1 exit status
make[1]: *** [cmTryCompileExec] Error 1
make: *** [cmTryCompileExec/fast] Error 2

Source file was:

#include <iconv.h>

void cmakeRequireSymbol(int dummy,...){(void)dummy;}
int main()
{
#ifndef iconv_open
#ifndef _MSC_VER
  cmakeRequireSymbol(0,&iconv_open);
#else
  char i = sizeof(&iconv_open);
#endif
#endif
	return 0;
}

Determining if the function libiconv_open exists in the iconv failed with the following output:
Change Dir: /Users/shinpei/D/konoha-wand/konoha-ffi/build/CMakeFiles/CMakeTmp

Run Build Command:/usr/bin/make "cmTryCompileExec/fast"
/usr/bin/make -f CMakeFiles/cmTryCompileExec.dir/build.make CMakeFiles/cmTryCompileExec.dir/build
/opt/local/bin/cmake -E cmake_progress_report /Users/shinpei/D/konoha-wand/konoha-ffi/build/CMakeFiles/CMakeTmp/CMakeFiles 1
Building C object CMakeFiles/cmTryCompileExec.dir/CheckFunctionExists.c.o
/usr/bin/gcc   -DCHECK_FUNCTION_EXISTS=libiconv_open   -o CMakeFiles/cmTryCompileExec.dir/CheckFunctionExists.c.o   -c /opt/local/share/cmake-2.8/Modules/CheckFunctionExists.c
Linking C executable cmTryCompileExec
/opt/local/bin/cmake -E cmake_link_script CMakeFiles/cmTryCompileExec.dir/link.txt --verbose=1
/usr/bin/gcc     -DCHECK_FUNCTION_EXISTS=libiconv_open -Wl,-search_paths_first -Wl,-headerpad_max_install_names  CMakeFiles/cmTryCompileExec.dir/CheckFunctionExists.c.o  -o cmTryCompileExec  -L/Users/shinpei/D/konoha-wand/konoha-ffi/build/CMakeFiles/CMakeTmp/HAVE_LIBICONV -liconv 
ld: warning: directory '/Users/shinpei/D/konoha-wand/konoha-ffi/build/CMakeFiles/CMakeTmp/HAVE_LIBICONV' following -L not found
Undefined symbols:
  "_libiconv_open", referenced from:
      _main in CheckFunctionExists.c.o
ld: symbol(s) not found
collect2: ld returned 1 exit status
make[1]: *** [cmTryCompileExec] Error 1
make: *** [cmTryCompileExec/fast] Error 2


